[+] Containers:
 |- [+] Container: /Game/TopDown/Maps/TopDownMap
 |   |- [+] ActorDescs:
 |   |   |- Guid:0385F56E4A5E782810B38C82727B303A BaseClass:/Game/Tiles/Blueprints/BP_RangedBlock.BP_RangedBlock_C NativeClass:/Script/Engine.Actor Name:BP_RangedBlock_C_UAID_14F6D867B3B6C83702_1779690777 Label:BP_RangedBlock4 SpatiallyLoaded:1 Bounds:IsValid=true, Min=(X=1100.000 Y=2200.000 Z=0.000), Max=(X=1300.000 Y=2400.000 Z=100.000) RuntimeGrid:None EditorOnly:0 RuntimeOnly:0 HLODRelevant:0 ListedInSceneOutliner:1 IsMainWorldOnly:0
 |   |   |- Guid:0C2F4A404D811609F25E47888EBF5764 BaseClass:/Game/Tiles/Blueprints/BP_RangedBlock.BP_RangedBlock_C NativeClass:/Script/Engine.Actor Name:BP_RangedBlock_C_UAID_14F6D867B3B6C83702_1761034775 Label:BP_RangedBlock2 SpatiallyLoaded:1 Bounds:IsValid=true, Min=(X=1500.000 Y=2000.000 Z=0.000), Max=(X=1700.000 Y=2200.000 Z=100.000) RuntimeGrid:None EditorOnly:0 RuntimeOnly:0 HLODRelevant:0 ListedInSceneOutliner:1 IsMainWorldOnly:0
 |   |   |- Guid:0F4324B34E091887A24AD9995AE727D1 BaseClass: NativeClass:/Script/Engine.StaticMeshActor Name:StaticMeshActor_23 Label:SM_Cube6 SpatiallyLoaded:1 Bounds:IsValid=true, Min=(X=2900.000 Y=100.000 Z=0.000), Max=(X=3000.000 Y=3400.000 Z=400.000) RuntimeGrid:None EditorOnly:0 RuntimeOnly:0 HLODRelevant:1 ListedInSceneOutliner:1 IsMainWorldOnly:0 FolderPath:Playground FolderGuid:9FE5E8B349AF71F05F2688921F3F2AC5
 |   |   |- Guid:147C8D134B12D635012D5F8C57D2C96F BaseClass: NativeClass:/Script/Engine.PostProcessVolume Name:PostProcessVolume_1 Label:PostProcessVolume SpatiallyLoaded:0 Bounds:IsValid=true, Min=(X=0.000 Y=0.000 Z=400.000), Max=(X=200.000 Y=200.000 Z=600.000) RuntimeGrid:None EditorOnly:0 RuntimeOnly:0 HLODRelevant:0 ListedInSceneOutliner:1 IsMainWorldOnly:0 FolderPath:Lighting FolderGuid:4C9334684BA61B42C769F799D2576455
 |   |   |- Guid:149CEAFE404AE8AD185B9D9B2E9CA51D BaseClass:/Game/Tiles/Blueprints/BP_MeleeBlock.BP_MeleeBlock_C NativeClass:/Script/Engine.Actor Name:BP_MeleeBlock_C_UAID_14F6D867B3B6C83702_1804699791 Label:BP_MeleeBlock14 SpatiallyLoaded:1 Bounds:IsValid=true, Min=(X=700.000 Y=2200.000 Z=0.000), Max=(X=900.000 Y=2400.000 Z=25.000) RuntimeGrid:None EditorOnly:0 RuntimeOnly:0 HLODRelevant:0 ListedInSceneOutliner:1 IsMainWorldOnly:0
 |   |   |- Guid:1742DF43475F097453197AA79C7473D9 BaseClass: NativeClass:/Script/Engine.SkyLight Name:SkyLight_1 Label:SkyLight SpatiallyLoaded:0 Bounds:IsValid=true, Min=(X=0.000 Y=0.000 Z=690.000), Max=(X=0.000 Y=0.000 Z=690.000) RuntimeGrid:None EditorOnly:0 RuntimeOnly:0 HLODRelevant:0 ListedInSceneOutliner:1 IsMainWorldOnly:0 FolderPath:Lighting FolderGuid:4C9334684BA61B42C769F799D2576455
 |   |   |- Guid:2169CB5C470E0E674279BA96829753DD BaseClass: NativeClass:/Script/Engine.StaticMeshActor Name:StaticMeshActor_17 Label:SM_Cube SpatiallyLoaded:1 Bounds:IsValid=true, Min=(X=0.000 Y=0.000 Z=-50.000), Max=(X=3000.000 Y=3500.000 Z=0.000) RuntimeGrid:None EditorOnly:0 RuntimeOnly:0 HLODRelevant:1 ListedInSceneOutliner:1 IsMainWorldOnly:0 FolderPath:Playground FolderGuid:9FE5E8B349AF71F05F2688921F3F2AC5
 |   |   |- Guid:22483AB64B1E754199CBEDB1A31727A7 BaseClass:/Game/Tiles/Blueprints/BP_RangedBlock.BP_RangedBlock_C NativeClass:/Script/Engine.Actor Name:BP_RangedBlock_C_UAID_14F6D867B3B6C83702_1787545778 Label:BP_RangedBlock5 SpatiallyLoaded:1 Bounds:IsValid=true, Min=(X=1500.000 Y=1400.000 Z=0.000), Max=(X=1700.000 Y=1600.000 Z=100.000) RuntimeGrid:None EditorOnly:0 RuntimeOnly:0 HLODRelevant:0 ListedInSceneOutliner:1 IsMainWorldOnly:0
 |   |   |- Guid:2DF0D95440BE0EDA81652F860DC7268E BaseClass: NativeClass:/Script/Engine.WorldDataLayers Name:WorldDataLayers Label:WorldDataLayers SpatiallyLoaded:0 Bounds:IsValid=true, Min=(X=0.000 Y=0.000 Z=0.000), Max=(X=0.000 Y=0.000 Z=0.000) RuntimeGrid:None EditorOnly:0 RuntimeOnly:0 HLODRelevant:0 ListedInSceneOutliner:1 IsMainWorldOnly:1
 |   |   |- Guid:306929B142C99B3AD97B3C9F251C2129 BaseClass: NativeClass:/Script/Engine.StaticMeshActor Name:StaticMeshActor_22 Label:SM_Cube5 SpatiallyLoaded:1 Bounds:IsValid=true, Min=(X=-0.000 Y=100.000 Z=0.000), Max=(X=100.000 Y=3400.000 Z=400.000) RuntimeGrid:None EditorOnly:0 RuntimeOnly:0 HLODRelevant:1 ListedInSceneOutliner:1 IsMainWorldOnly:0 FolderPath:Playground FolderGuid:9FE5E8B349AF71F05F2688921F3F2AC5
 |   |   |- Guid:34E1870E4770F2906EA33EA5C60D3533 BaseClass:/Game/Tiles/Blueprints/BP_RangedBlock.BP_RangedBlock_C NativeClass:/Script/Engine.Actor Name:BP_RangedBlock_C_UAID_14F6D867B3B6C83702_1814805795 Label:BP_RangedBlock9 SpatiallyLoaded:1 Bounds:IsValid=true, Min=(X=700.000 Y=1600.000 Z=0.000), Max=(X=900.000 Y=1800.000 Z=100.000) RuntimeGrid:None EditorOnly:0 RuntimeOnly:0 HLODRelevant:0 ListedInSceneOutliner:1 IsMainWorldOnly:0
 |   |   |- Guid:38F9EB4C49A43B47AC39369AF6885DAD BaseClass:/Game/Tiles/Blueprints/BP_RangedBlock.BP_RangedBlock_C NativeClass:/Script/Engine.Actor Name:BP_RangedBlock_C_UAID_14F6D867B3B6C53702_1817918247 Label:BP_RangedBlock SpatiallyLoaded:1 Bounds:IsValid=true, Min=(X=1300.000 Y=2000.000 Z=0.000), Max=(X=1500.000 Y=2200.000 Z=100.000) RuntimeGrid:None EditorOnly:0 RuntimeOnly:0 HLODRelevant:0 ListedInSceneOutliner:1 IsMainWorldOnly:0
 |   |   |- Guid:3DAFB9EE4E41223F31C26CA8FD427821 BaseClass:/Game/Tiles/Blueprints/BP_RangedBlock.BP_RangedBlock_C NativeClass:/Script/Engine.Actor Name:BP_RangedBlock_C_UAID_14F6D867B3B6C83702_1814810796 Label:BP_RangedBlock10 SpatiallyLoaded:1 Bounds:IsValid=true, Min=(X=700.000 Y=1400.000 Z=0.000), Max=(X=900.000 Y=1600.000 Z=100.000) RuntimeGrid:None EditorOnly:0 RuntimeOnly:0 HLODRelevant:0 ListedInSceneOutliner:1 IsMainWorldOnly:0
 |   |   |- Guid:44DBF1EF4270BB62ACB02CAF5209BD08 BaseClass:/Game/Tiles/Blueprints/BP_RangedBlock.BP_RangedBlock_C NativeClass:/Script/Engine.Actor Name:BP_RangedBlock_C_UAID_14F6D867B3B6C83702_1826381800 Label:BP_RangedBlock14 SpatiallyLoaded:1 Bounds:IsValid=true, Min=(X=500.000 Y=2200.000 Z=0.000), Max=(X=700.000 Y=2400.000 Z=100.000) RuntimeGrid:None EditorOnly:0 RuntimeOnly:0 HLODRelevant:0 ListedInSceneOutliner:1 IsMainWorldOnly:0
 |   |   |- Guid:4C4E68B54994BFFE3D6E02BA1C1FAB32 BaseClass:/Game/Tiles/Blueprints/BP_MeleeBlock.BP_MeleeBlock_C NativeClass:/Script/Engine.Actor Name:BP_MeleeBlock_C_UAID_14F6D867B3B6C83702_1798328783 Label:BP_MeleeBlock6 SpatiallyLoaded:1 Bounds:IsValid=true, Min=(X=1100.000 Y=1800.000 Z=0.000), Max=(X=1300.000 Y=2000.000 Z=25.000) RuntimeGrid:None EditorOnly:0 RuntimeOnly:0 HLODRelevant:0 ListedInSceneOutliner:1 IsMainWorldOnly:0
 |   |   |- Guid:578C690D4F1E3611D111C4860B196635 BaseClass:/Game/Tiles/Blueprints/BP_MeleeBlock.BP_MeleeBlock_C NativeClass:/Script/Engine.Actor Name:BP_MeleeBlock_C_UAID_14F6D867B3B6C83702_1802274785 Label:BP_MeleeBlock8 SpatiallyLoaded:1 Bounds:IsValid=true, Min=(X=900.000 Y=1600.000 Z=0.000), Max=(X=1100.000 Y=1800.000 Z=25.000) RuntimeGrid:None EditorOnly:0 RuntimeOnly:0 HLODRelevant:0 ListedInSceneOutliner:1 IsMainWorldOnly:0
 |   |   |- Guid:5F5B63A849D20BC189867F96CA10BA69 BaseClass:/Game/Tiles/Blueprints/BP_MeleeBlock.BP_MeleeBlock_C NativeClass:/Script/Engine.Actor Name:BP_MeleeBlock_C_UAID_14F6D867B3B6C83702_1802271784 Label:BP_MeleeBlock7 SpatiallyLoaded:1 Bounds:IsValid=true, Min=(X=900.000 Y=1800.000 Z=0.000), Max=(X=1100.000 Y=2000.000 Z=25.000) RuntimeGrid:None EditorOnly:0 RuntimeOnly:0 HLODRelevant:0 ListedInSceneOutliner:1 IsMainWorldOnly:0
 |   |   |- Guid:6252C7D64ACF162A73EE65B11FE214D1 BaseClass: NativeClass:/Script/Engine.SkyAtmosphere Name:SkyAtmosphere_1 Label:SkyAtmosphere SpatiallyLoaded:0 Bounds:IsValid=true, Min=(X=0.000 Y=0.000 Z=1020.000), Max=(X=0.000 Y=0.000 Z=1020.000) RuntimeGrid:None EditorOnly:0 RuntimeOnly:0 HLODRelevant:0 ListedInSceneOutliner:1 IsMainWorldOnly:0 FolderPath:Lighting FolderGuid:4C9334684BA61B42C769F799D2576455
 |   |   |- Guid:65A244F2436D3982F5DB0D8505301F5C BaseClass:/Game/Tiles/Blueprints/BP_RangedBlock.BP_RangedBlock_C NativeClass:/Script/Engine.Actor Name:BP_RangedBlock_C_UAID_14F6D867B3B6C83702_1808832794 Label:BP_RangedBlock8 SpatiallyLoaded:1 Bounds:IsValid=true, Min=(X=900.000 Y=1400.000 Z=0.000), Max=(X=1100.000 Y=1600.000 Z=100.000) RuntimeGrid:None EditorOnly:0 RuntimeOnly:0 HLODRelevant:0 ListedInSceneOutliner:1 IsMainWorldOnly:0
 |   |   |- Guid:66BCBF874D2A22ADC6523B95EE812CA3 BaseClass: NativeClass:/Script/Engine.StaticMeshActor Name:StaticMeshActor_UAID_A4AE111137DC5CFB00_1660657071 Label:SM_SkySphere SpatiallyLoaded:0 Bounds:IsValid=true, Min=(X=-1638400.000 Y=-1638400.000 Z=-1638400.000), Max=(X=1638400.000 Y=1638400.000 Z=1638400.000) RuntimeGrid:None EditorOnly:0 RuntimeOnly:0 HLODRelevant:1 ListedInSceneOutliner:1 IsMainWorldOnly:0 FolderPath:Lighting FolderGuid:4C9334684BA61B42C769F799D2576455
 |   |   |- Guid:68632E8348FB62837720558F0C1F9903 BaseClass:/Game/Tiles/Blueprints/BP_RangedBlock.BP_RangedBlock_C NativeClass:/Script/Engine.Actor Name:BP_RangedBlock_C_UAID_14F6D867B3B6C83702_1808827792 Label:BP_RangedBlock6 SpatiallyLoaded:1 Bounds:IsValid=true, Min=(X=1100.000 Y=1400.000 Z=0.000), Max=(X=1300.000 Y=1600.000 Z=100.000) RuntimeGrid:None EditorOnly:0 RuntimeOnly:0 HLODRelevant:0 ListedInSceneOutliner:1 IsMainWorldOnly:0
 |   |   |- Guid:77F893B3468595EE782136AD620D7EF4 BaseClass: NativeClass:/Script/Engine.VolumetricCloud Name:VolumetricCloud_0 Label:VolumetricCloud SpatiallyLoaded:0 Bounds:IsValid=true, Min=(X=0.000 Y=0.000 Z=820.000), Max=(X=0.000 Y=0.000 Z=820.000) RuntimeGrid:None EditorOnly:0 RuntimeOnly:0 HLODRelevant:0 ListedInSceneOutliner:1 IsMainWorldOnly:0 FolderPath:Lighting FolderGuid:4C9334684BA61B42C769F799D2576455
 |   |   |- Guid:78FDF8C54D660EC1BF8382A638C50717 BaseClass:/Game/Tiles/Blueprints/BP_MeleeBlock.BP_MeleeBlock_C NativeClass:/Script/Engine.Actor Name:BP_MeleeBlock_C_UAID_14F6D867B3B6C83702_1796127782 Label:BP_MeleeBlock5 SpatiallyLoaded:1 Bounds:IsValid=true, Min=(X=1100.000 Y=1600.000 Z=0.000), Max=(X=1300.000 Y=1800.000 Z=25.000) RuntimeGrid:None EditorOnly:0 RuntimeOnly:0 HLODRelevant:0 ListedInSceneOutliner:1 IsMainWorldOnly:0
 |   |   |- Guid:9F2EF91C4ED9C241EB05869E28458C05 BaseClass:/Game/Tiles/Blueprints/BP_RangedBlock.BP_RangedBlock_C NativeClass:/Script/Engine.Actor Name:BP_RangedBlock_C_UAID_14F6D867B3B6C83702_1808830793 Label:BP_RangedBlock7 SpatiallyLoaded:1 Bounds:IsValid=true, Min=(X=1300.000 Y=1400.000 Z=0.000), Max=(X=1500.000 Y=1600.000 Z=100.000) RuntimeGrid:None EditorOnly:0 RuntimeOnly:0 HLODRelevant:0 ListedInSceneOutliner:1 IsMainWorldOnly:0
 |   |   |- Guid:9F8923D242E9F1C7499E72A9F6E4B264 BaseClass:/Game/Tiles/Blueprints/BP_MeleeBlock.BP_MeleeBlock_C NativeClass:/Script/Engine.Actor Name:BP_MeleeBlock_C_UAID_14F6D867B3B6C83702_1792559780 Label:BP_MeleeBlock3 SpatiallyLoaded:1 Bounds:IsValid=true, Min=(X=1500.000 Y=1600.000 Z=0.000), Max=(X=1700.000 Y=1800.000 Z=25.000) RuntimeGrid:None EditorOnly:0 RuntimeOnly:0 HLODRelevant:0 ListedInSceneOutliner:1 IsMainWorldOnly:0
 |   |   |- Guid:A5B13CA947872E8FA13F40B390011056 BaseClass:/Game/Tiles/Blueprints/BP_RangedBlock.BP_RangedBlock_C NativeClass:/Script/Engine.Actor Name:BP_RangedBlock_C_UAID_14F6D867B3B6C83702_1823097799 Label:BP_RangedBlock13 SpatiallyLoaded:1 Bounds:IsValid=true, Min=(X=500.000 Y=2000.000 Z=0.000), Max=(X=700.000 Y=2200.000 Z=100.000) RuntimeGrid:None EditorOnly:0 RuntimeOnly:0 HLODRelevant:0 ListedInSceneOutliner:1 IsMainWorldOnly:0
 |   |   |- Guid:AACD68E748BB880D15E405B3EEEE8372 BaseClass:/Game/Tiles/Blueprints/BP_MeleeBlock.BP_MeleeBlock_C NativeClass:/Script/Engine.Actor Name:BP_MeleeBlock_C_UAID_14F6D867B3B6C83702_1790281779 Label:BP_MeleeBlock2 SpatiallyLoaded:1 Bounds:IsValid=true, Min=(X=1500.000 Y=1800.000 Z=0.000), Max=(X=1700.000 Y=2000.000 Z=25.000) RuntimeGrid:None EditorOnly:0 RuntimeOnly:0 HLODRelevant:0 ListedInSceneOutliner:1 IsMainWorldOnly:0
 |   |   |- Guid:AECEEEE741E6DE68F6843FA49564A956 BaseClass: NativeClass:/Script/Engine.DirectionalLight Name:DirectionalLight_1 Label:DirectionalLight SpatiallyLoaded:0 Bounds:IsValid=true, Min=(X=-1048576.000 Y=-1048576.000 Z=-1048576.000), Max=(X=1048576.000 Y=1048576.000 Z=1048576.000) RuntimeGrid:None EditorOnly:0 RuntimeOnly:0 HLODRelevant:0 ListedInSceneOutliner:1 IsMainWorldOnly:0 FolderPath:Lighting FolderGuid:4C9334684BA61B42C769F799D2576455
 |   |   |- Guid:B69D5B074056613FAFC2A29E3BA4918E BaseClass:/Game/Tiles/Blueprints/BP_MeleeBlock.BP_MeleeBlock_C NativeClass:/Script/Engine.Actor Name:BP_MeleeBlock_C_UAID_14F6D867B3B6C83702_1804695789 Label:BP_MeleeBlock12 SpatiallyLoaded:1 Bounds:IsValid=true, Min=(X=900.000 Y=2000.000 Z=0.000), Max=(X=1100.000 Y=2200.000 Z=25.000) RuntimeGrid:None EditorOnly:0 RuntimeOnly:0 HLODRelevant:0 ListedInSceneOutliner:1 IsMainWorldOnly:0
 |   |   |- Guid:B92B7B1749D49FBF17AAFE907A1BFBF1 BaseClass:/Game/Tiles/Blueprints/BP_RangedBlock.BP_RangedBlock_C NativeClass:/Script/Engine.Actor Name:BP_RangedBlock_C_UAID_14F6D867B3B6C83702_1823093798 Label:BP_RangedBlock12 SpatiallyLoaded:1 Bounds:IsValid=true, Min=(X=500.000 Y=1800.000 Z=0.000), Max=(X=700.000 Y=2000.000 Z=100.000) RuntimeGrid:None EditorOnly:0 RuntimeOnly:0 HLODRelevant:0 ListedInSceneOutliner:1 IsMainWorldOnly:0
 |   |   |- Guid:C877BDEA4BA172AE3547AE90E390ECD0 BaseClass:/Game/Tiles/Blueprints/BP_RangedBlock.BP_RangedBlock_C NativeClass:/Script/Engine.Actor Name:BP_RangedBlock_C_UAID_14F6D867B3B6C83702_1775639776 Label:BP_RangedBlock3 SpatiallyLoaded:1 Bounds:IsValid=true, Min=(X=1100.000 Y=2000.000 Z=0.000), Max=(X=1300.000 Y=2200.000 Z=100.000) RuntimeGrid:None EditorOnly:0 RuntimeOnly:0 HLODRelevant:0 ListedInSceneOutliner:1 IsMainWorldOnly:0
 |   |   |- Guid:CCDD89584E0A9025F52AEDA51D60CA54 BaseClass: NativeClass:/Script/NavigationSystem.NavMeshBoundsVolume Name:NavMeshBoundsVolume_1 Label:NavMeshBoundsVolume SpatiallyLoaded:0 Bounds:IsValid=true, Min=(X=-100.000 Y=-100.000 Z=-110.000), Max=(X=3100.000 Y=3600.000 Z=390.000) RuntimeGrid:None EditorOnly:0 RuntimeOnly:0 HLODRelevant:0 ListedInSceneOutliner:1 IsMainWorldOnly:0 FolderPath:Navigation FolderGuid:AE45D61F453CC144CF8289862C276E89
 |   |   |- Guid:CE0DEADE495A742A80363FA361122E34 BaseClass:/Game/Tiles/Blueprints/BP_MeleeBlock.BP_MeleeBlock_C NativeClass:/Script/Engine.Actor Name:BP_MeleeBlock_C_UAID_14F6D867B3B6C83702_1804691788 Label:BP_MeleeBlock11 SpatiallyLoaded:1 Bounds:IsValid=true, Min=(X=900.000 Y=2200.000 Z=0.000), Max=(X=1100.000 Y=2400.000 Z=25.000) RuntimeGrid:None EditorOnly:0 RuntimeOnly:0 HLODRelevant:0 ListedInSceneOutliner:1 IsMainWorldOnly:0
 |   |   |- Guid:D24D61B944EF71BE7BC469B7EB239299 BaseClass: NativeClass:/Script/Engine.ExponentialHeightFog Name:ExponentialHeightFog_1 Label:ExponentialHeightFog SpatiallyLoaded:0 Bounds:IsValid=true, Min=(X=-5600.000 Y=-50.000 Z=-6850.000), Max=(X=-5600.000 Y=-50.000 Z=-6850.000) RuntimeGrid:None EditorOnly:0 RuntimeOnly:0 HLODRelevant:0 ListedInSceneOutliner:1 IsMainWorldOnly:0 FolderPath:Lighting FolderGuid:4C9334684BA61B42C769F799D2576455
 |   |   |- Guid:D65C2B0942EAF002452130A3420A2CB6 BaseClass:/Game/Tiles/Blueprints/BP_RangedBlock.BP_RangedBlock_C NativeClass:/Script/Engine.Actor Name:BP_RangedBlock_C_UAID_14F6D867B3B6C83702_1814812797 Label:BP_RangedBlock11 SpatiallyLoaded:1 Bounds:IsValid=true, Min=(X=500.000 Y=1600.000 Z=0.000), Max=(X=700.000 Y=1800.000 Z=100.000) RuntimeGrid:None EditorOnly:0 RuntimeOnly:0 HLODRelevant:0 ListedInSceneOutliner:1 IsMainWorldOnly:0
 |   |   |- Guid:D8A6F77E4265C4FB8609E8AC9730EBC0 BaseClass:/Game/Tiles/Blueprints/BP_MeleeBlock.BP_MeleeBlock_C NativeClass:/Script/Engine.Actor Name:BP_MeleeBlock_C_UAID_14F6D867B3B6C83702_1794331781 Label:BP_MeleeBlock4 SpatiallyLoaded:1 Bounds:IsValid=true, Min=(X=1300.000 Y=1600.000 Z=0.000), Max=(X=1500.000 Y=1800.000 Z=25.000) RuntimeGrid:None EditorOnly:0 RuntimeOnly:0 HLODRelevant:0 ListedInSceneOutliner:1 IsMainWorldOnly:0
 |   |   |- Guid:E9F51259425B785A35C436A5559AD7B4 BaseClass: NativeClass:/Script/Engine.StaticMeshActor Name:StaticMeshActor_19 Label:SM_Cube3 SpatiallyLoaded:1 Bounds:IsValid=true, Min=(X=0.000 Y=3400.000 Z=0.000), Max=(X=3000.000 Y=3500.000 Z=400.000) RuntimeGrid:None EditorOnly:0 RuntimeOnly:0 HLODRelevant:1 ListedInSceneOutliner:1 IsMainWorldOnly:0 FolderPath:Playground FolderGuid:9FE5E8B349AF71F05F2688921F3F2AC5
 |   |   |- Guid:ED702DEB4F4A6D94A5DB4F9C337C2079 BaseClass: NativeClass:/Script/Engine.TextRenderActor Name:TextRenderActor_0 Label:TextRenderActor SpatiallyLoaded:1 Bounds:IsValid=true, Min=(X=-0.100 Y=1100.000 Z=65.013), Max=(X=-0.100 Y=2225.000 Z=215.013) RuntimeGrid:None EditorOnly:0 RuntimeOnly:0 HLODRelevant:0 ListedInSceneOutliner:1 IsMainWorldOnly:0
 |   |   |- Guid:F07559B14CE9ADE1215992AA417A945E BaseClass: NativeClass:/Script/Engine.StaticMeshActor Name:StaticMeshActor_18 Label:SM_Cube2 SpatiallyLoaded:1 Bounds:IsValid=true, Min=(X=0.000 Y=0.000 Z=0.000), Max=(X=3000.000 Y=100.000 Z=400.000) RuntimeGrid:None EditorOnly:0 RuntimeOnly:0 HLODRelevant:1 ListedInSceneOutliner:1 IsMainWorldOnly:0 FolderPath:Playground FolderGuid:9FE5E8B349AF71F05F2688921F3F2AC5
 |   |   |- Guid:F29E00204A9D28AEB8BD40BB1AE3AA06 BaseClass:/Game/Tiles/Blueprints/BP_MeleeBlock.BP_MeleeBlock_C NativeClass:/Script/Engine.Actor Name:BP_MeleeBlock_C_UAID_14F6D867B3B6C83702_1802279787 Label:BP_MeleeBlock10 SpatiallyLoaded:1 Bounds:IsValid=true, Min=(X=700.000 Y=1800.000 Z=0.000), Max=(X=900.000 Y=2000.000 Z=25.000) RuntimeGrid:None EditorOnly:0 RuntimeOnly:0 HLODRelevant:0 ListedInSceneOutliner:1 IsMainWorldOnly:0
 |   |   |- Guid:F2F7BD4940681C239A267AB579A07FFD BaseClass:/Game/Tiles/Blueprints/BP_MeleeBlock.BP_MeleeBlock_C NativeClass:/Script/Engine.Actor Name:BP_MeleeBlock_C_UAID_14F6D867B3B6C53702_1855262248 Label:BP_MeleeBlock SpatiallyLoaded:1 Bounds:IsValid=true, Min=(X=1300.000 Y=1800.000 Z=0.000), Max=(X=1500.000 Y=2000.000 Z=25.000) RuntimeGrid:None EditorOnly:0 RuntimeOnly:0 HLODRelevant:0 ListedInSceneOutliner:1 IsMainWorldOnly:0
 |   |   |- Guid:F33CC5014C49925B3A9D52A063AF483F BaseClass: NativeClass:/Script/Engine.PlayerStart Name:PlayerStart_0 Label:PlayerStart SpatiallyLoaded:0 Bounds:IsValid=true, Min=(X=130.000 Y=1220.000 Z=1178.000), Max=(X=210.000 Y=1300.000 Z=1362.000) RuntimeGrid:None EditorOnly:0 RuntimeOnly:0 HLODRelevant:0 ListedInSceneOutliner:1 IsMainWorldOnly:0
 |   |   |- Guid:FC2C3A324A8240264AA20094ADD9409E BaseClass:/Game/Tiles/Blueprints/BP_MeleeBlock.BP_MeleeBlock_C NativeClass:/Script/Engine.Actor Name:BP_MeleeBlock_C_UAID_14F6D867B3B6C83702_1804697790 Label:BP_MeleeBlock13 SpatiallyLoaded:1 Bounds:IsValid=true, Min=(X=700.000 Y=2000.000 Z=0.000), Max=(X=900.000 Y=2200.000 Z=25.000) RuntimeGrid:None EditorOnly:0 RuntimeOnly:0 HLODRelevant:0 ListedInSceneOutliner:1 IsMainWorldOnly:0
 |   |- [+] Clusters:
 |   |   |- [+] [  0]
 |   |   |   |- Guid:0385F56E4A5E782810B38C82727B303A BaseClass:/Game/Tiles/Blueprints/BP_RangedBlock.BP_RangedBlock_C NativeClass:/Script/Engine.Actor Name:BP_RangedBlock_C_UAID_14F6D867B3B6C83702_1779690777 Label:BP_RangedBlock4 SpatiallyLoaded:1 Bounds:IsValid=true, Min=(X=1100.000 Y=2200.000 Z=0.000), Max=(X=1300.000 Y=2400.000 Z=100.000) RuntimeGrid:None EditorOnly:0 RuntimeOnly:0 HLODRelevant:0 ListedInSceneOutliner:1 IsMainWorldOnly:0
 |   |   |- [+] [  1]
 |   |   |   |- Guid:0C2F4A404D811609F25E47888EBF5764 BaseClass:/Game/Tiles/Blueprints/BP_RangedBlock.BP_RangedBlock_C NativeClass:/Script/Engine.Actor Name:BP_RangedBlock_C_UAID_14F6D867B3B6C83702_1761034775 Label:BP_RangedBlock2 SpatiallyLoaded:1 Bounds:IsValid=true, Min=(X=1500.000 Y=2000.000 Z=0.000), Max=(X=1700.000 Y=2200.000 Z=100.000) RuntimeGrid:None EditorOnly:0 RuntimeOnly:0 HLODRelevant:0 ListedInSceneOutliner:1 IsMainWorldOnly:0
 |   |   |- [+] [  2]
 |   |   |   |- Guid:0F4324B34E091887A24AD9995AE727D1 BaseClass: NativeClass:/Script/Engine.StaticMeshActor Name:StaticMeshActor_23 Label:SM_Cube6 SpatiallyLoaded:1 Bounds:IsValid=true, Min=(X=2900.000 Y=100.000 Z=0.000), Max=(X=3000.000 Y=3400.000 Z=400.000) RuntimeGrid:None EditorOnly:0 RuntimeOnly:0 HLODRelevant:1 ListedInSceneOutliner:1 IsMainWorldOnly:0 FolderPath:Playground FolderGuid:9FE5E8B349AF71F05F2688921F3F2AC5
 |   |   |- [+] [  3]
 |   |   |   |- Guid:147C8D134B12D635012D5F8C57D2C96F BaseClass: NativeClass:/Script/Engine.PostProcessVolume Name:PostProcessVolume_1 Label:PostProcessVolume SpatiallyLoaded:0 Bounds:IsValid=true, Min=(X=0.000 Y=0.000 Z=400.000), Max=(X=200.000 Y=200.000 Z=600.000) RuntimeGrid:None EditorOnly:0 RuntimeOnly:0 HLODRelevant:0 ListedInSceneOutliner:1 IsMainWorldOnly:0 FolderPath:Lighting FolderGuid:4C9334684BA61B42C769F799D2576455
 |   |   |- [+] [  4]
 |   |   |   |- Guid:149CEAFE404AE8AD185B9D9B2E9CA51D BaseClass:/Game/Tiles/Blueprints/BP_MeleeBlock.BP_MeleeBlock_C NativeClass:/Script/Engine.Actor Name:BP_MeleeBlock_C_UAID_14F6D867B3B6C83702_1804699791 Label:BP_MeleeBlock14 SpatiallyLoaded:1 Bounds:IsValid=true, Min=(X=700.000 Y=2200.000 Z=0.000), Max=(X=900.000 Y=2400.000 Z=25.000) RuntimeGrid:None EditorOnly:0 RuntimeOnly:0 HLODRelevant:0 ListedInSceneOutliner:1 IsMainWorldOnly:0
 |   |   |- [+] [  5]
 |   |   |   |- Guid:1742DF43475F097453197AA79C7473D9 BaseClass: NativeClass:/Script/Engine.SkyLight Name:SkyLight_1 Label:SkyLight SpatiallyLoaded:0 Bounds:IsValid=true, Min=(X=0.000 Y=0.000 Z=690.000), Max=(X=0.000 Y=0.000 Z=690.000) RuntimeGrid:None EditorOnly:0 RuntimeOnly:0 HLODRelevant:0 ListedInSceneOutliner:1 IsMainWorldOnly:0 FolderPath:Lighting FolderGuid:4C9334684BA61B42C769F799D2576455
 |   |   |- [+] [  6]
 |   |   |   |- Guid:2169CB5C470E0E674279BA96829753DD BaseClass: NativeClass:/Script/Engine.StaticMeshActor Name:StaticMeshActor_17 Label:SM_Cube SpatiallyLoaded:1 Bounds:IsValid=true, Min=(X=0.000 Y=0.000 Z=-50.000), Max=(X=3000.000 Y=3500.000 Z=0.000) RuntimeGrid:None EditorOnly:0 RuntimeOnly:0 HLODRelevant:1 ListedInSceneOutliner:1 IsMainWorldOnly:0 FolderPath:Playground FolderGuid:9FE5E8B349AF71F05F2688921F3F2AC5
 |   |   |- [+] [  7]
 |   |   |   |- Guid:22483AB64B1E754199CBEDB1A31727A7 BaseClass:/Game/Tiles/Blueprints/BP_RangedBlock.BP_RangedBlock_C NativeClass:/Script/Engine.Actor Name:BP_RangedBlock_C_UAID_14F6D867B3B6C83702_1787545778 Label:BP_RangedBlock5 SpatiallyLoaded:1 Bounds:IsValid=true, Min=(X=1500.000 Y=1400.000 Z=0.000), Max=(X=1700.000 Y=1600.000 Z=100.000) RuntimeGrid:None EditorOnly:0 RuntimeOnly:0 HLODRelevant:0 ListedInSceneOutliner:1 IsMainWorldOnly:0
 |   |   |- [+] [  8]
 |   |   |   |- Guid:2DF0D95440BE0EDA81652F860DC7268E BaseClass: NativeClass:/Script/Engine.WorldDataLayers Name:WorldDataLayers Label:WorldDataLayers SpatiallyLoaded:0 Bounds:IsValid=true, Min=(X=0.000 Y=0.000 Z=0.000), Max=(X=0.000 Y=0.000 Z=0.000) RuntimeGrid:None EditorOnly:0 RuntimeOnly:0 HLODRelevant:0 ListedInSceneOutliner:1 IsMainWorldOnly:1
 |   |   |- [+] [  9]
 |   |   |   |- Guid:306929B142C99B3AD97B3C9F251C2129 BaseClass: NativeClass:/Script/Engine.StaticMeshActor Name:StaticMeshActor_22 Label:SM_Cube5 SpatiallyLoaded:1 Bounds:IsValid=true, Min=(X=-0.000 Y=100.000 Z=0.000), Max=(X=100.000 Y=3400.000 Z=400.000) RuntimeGrid:None EditorOnly:0 RuntimeOnly:0 HLODRelevant:1 ListedInSceneOutliner:1 IsMainWorldOnly:0 FolderPath:Playground FolderGuid:9FE5E8B349AF71F05F2688921F3F2AC5
 |   |   |- [+] [ 10]
 |   |   |   |- Guid:34E1870E4770F2906EA33EA5C60D3533 BaseClass:/Game/Tiles/Blueprints/BP_RangedBlock.BP_RangedBlock_C NativeClass:/Script/Engine.Actor Name:BP_RangedBlock_C_UAID_14F6D867B3B6C83702_1814805795 Label:BP_RangedBlock9 SpatiallyLoaded:1 Bounds:IsValid=true, Min=(X=700.000 Y=1600.000 Z=0.000), Max=(X=900.000 Y=1800.000 Z=100.000) RuntimeGrid:None EditorOnly:0 RuntimeOnly:0 HLODRelevant:0 ListedInSceneOutliner:1 IsMainWorldOnly:0
 |   |   |- [+] [ 11]
 |   |   |   |- Guid:38F9EB4C49A43B47AC39369AF6885DAD BaseClass:/Game/Tiles/Blueprints/BP_RangedBlock.BP_RangedBlock_C NativeClass:/Script/Engine.Actor Name:BP_RangedBlock_C_UAID_14F6D867B3B6C53702_1817918247 Label:BP_RangedBlock SpatiallyLoaded:1 Bounds:IsValid=true, Min=(X=1300.000 Y=2000.000 Z=0.000), Max=(X=1500.000 Y=2200.000 Z=100.000) RuntimeGrid:None EditorOnly:0 RuntimeOnly:0 HLODRelevant:0 ListedInSceneOutliner:1 IsMainWorldOnly:0
 |   |   |- [+] [ 12]
 |   |   |   |- Guid:3DAFB9EE4E41223F31C26CA8FD427821 BaseClass:/Game/Tiles/Blueprints/BP_RangedBlock.BP_RangedBlock_C NativeClass:/Script/Engine.Actor Name:BP_RangedBlock_C_UAID_14F6D867B3B6C83702_1814810796 Label:BP_RangedBlock10 SpatiallyLoaded:1 Bounds:IsValid=true, Min=(X=700.000 Y=1400.000 Z=0.000), Max=(X=900.000 Y=1600.000 Z=100.000) RuntimeGrid:None EditorOnly:0 RuntimeOnly:0 HLODRelevant:0 ListedInSceneOutliner:1 IsMainWorldOnly:0
 |   |   |- [+] [ 13]
 |   |   |   |- Guid:44DBF1EF4270BB62ACB02CAF5209BD08 BaseClass:/Game/Tiles/Blueprints/BP_RangedBlock.BP_RangedBlock_C NativeClass:/Script/Engine.Actor Name:BP_RangedBlock_C_UAID_14F6D867B3B6C83702_1826381800 Label:BP_RangedBlock14 SpatiallyLoaded:1 Bounds:IsValid=true, Min=(X=500.000 Y=2200.000 Z=0.000), Max=(X=700.000 Y=2400.000 Z=100.000) RuntimeGrid:None EditorOnly:0 RuntimeOnly:0 HLODRelevant:0 ListedInSceneOutliner:1 IsMainWorldOnly:0
 |   |   |- [+] [ 14]
 |   |   |   |- Guid:4C4E68B54994BFFE3D6E02BA1C1FAB32 BaseClass:/Game/Tiles/Blueprints/BP_MeleeBlock.BP_MeleeBlock_C NativeClass:/Script/Engine.Actor Name:BP_MeleeBlock_C_UAID_14F6D867B3B6C83702_1798328783 Label:BP_MeleeBlock6 SpatiallyLoaded:1 Bounds:IsValid=true, Min=(X=1100.000 Y=1800.000 Z=0.000), Max=(X=1300.000 Y=2000.000 Z=25.000) RuntimeGrid:None EditorOnly:0 RuntimeOnly:0 HLODRelevant:0 ListedInSceneOutliner:1 IsMainWorldOnly:0
 |   |   |- [+] [ 15]
 |   |   |   |- Guid:578C690D4F1E3611D111C4860B196635 BaseClass:/Game/Tiles/Blueprints/BP_MeleeBlock.BP_MeleeBlock_C NativeClass:/Script/Engine.Actor Name:BP_MeleeBlock_C_UAID_14F6D867B3B6C83702_1802274785 Label:BP_MeleeBlock8 SpatiallyLoaded:1 Bounds:IsValid=true, Min=(X=900.000 Y=1600.000 Z=0.000), Max=(X=1100.000 Y=1800.000 Z=25.000) RuntimeGrid:None EditorOnly:0 RuntimeOnly:0 HLODRelevant:0 ListedInSceneOutliner:1 IsMainWorldOnly:0
 |   |   |- [+] [ 16]
 |   |   |   |- Guid:5F5B63A849D20BC189867F96CA10BA69 BaseClass:/Game/Tiles/Blueprints/BP_MeleeBlock.BP_MeleeBlock_C NativeClass:/Script/Engine.Actor Name:BP_MeleeBlock_C_UAID_14F6D867B3B6C83702_1802271784 Label:BP_MeleeBlock7 SpatiallyLoaded:1 Bounds:IsValid=true, Min=(X=900.000 Y=1800.000 Z=0.000), Max=(X=1100.000 Y=2000.000 Z=25.000) RuntimeGrid:None EditorOnly:0 RuntimeOnly:0 HLODRelevant:0 ListedInSceneOutliner:1 IsMainWorldOnly:0
 |   |   |- [+] [ 17]
 |   |   |   |- Guid:6252C7D64ACF162A73EE65B11FE214D1 BaseClass: NativeClass:/Script/Engine.SkyAtmosphere Name:SkyAtmosphere_1 Label:SkyAtmosphere SpatiallyLoaded:0 Bounds:IsValid=true, Min=(X=0.000 Y=0.000 Z=1020.000), Max=(X=0.000 Y=0.000 Z=1020.000) RuntimeGrid:None EditorOnly:0 RuntimeOnly:0 HLODRelevant:0 ListedInSceneOutliner:1 IsMainWorldOnly:0 FolderPath:Lighting FolderGuid:4C9334684BA61B42C769F799D2576455
 |   |   |- [+] [ 18]
 |   |   |   |- Guid:65A244F2436D3982F5DB0D8505301F5C BaseClass:/Game/Tiles/Blueprints/BP_RangedBlock.BP_RangedBlock_C NativeClass:/Script/Engine.Actor Name:BP_RangedBlock_C_UAID_14F6D867B3B6C83702_1808832794 Label:BP_RangedBlock8 SpatiallyLoaded:1 Bounds:IsValid=true, Min=(X=900.000 Y=1400.000 Z=0.000), Max=(X=1100.000 Y=1600.000 Z=100.000) RuntimeGrid:None EditorOnly:0 RuntimeOnly:0 HLODRelevant:0 ListedInSceneOutliner:1 IsMainWorldOnly:0
 |   |   |- [+] [ 19]
 |   |   |   |- Guid:66BCBF874D2A22ADC6523B95EE812CA3 BaseClass: NativeClass:/Script/Engine.StaticMeshActor Name:StaticMeshActor_UAID_A4AE111137DC5CFB00_1660657071 Label:SM_SkySphere SpatiallyLoaded:0 Bounds:IsValid=true, Min=(X=-1638400.000 Y=-1638400.000 Z=-1638400.000), Max=(X=1638400.000 Y=1638400.000 Z=1638400.000) RuntimeGrid:None EditorOnly:0 RuntimeOnly:0 HLODRelevant:1 ListedInSceneOutliner:1 IsMainWorldOnly:0 FolderPath:Lighting FolderGuid:4C9334684BA61B42C769F799D2576455
 |   |   |- [+] [ 20]
 |   |   |   |- Guid:68632E8348FB62837720558F0C1F9903 BaseClass:/Game/Tiles/Blueprints/BP_RangedBlock.BP_RangedBlock_C NativeClass:/Script/Engine.Actor Name:BP_RangedBlock_C_UAID_14F6D867B3B6C83702_1808827792 Label:BP_RangedBlock6 SpatiallyLoaded:1 Bounds:IsValid=true, Min=(X=1100.000 Y=1400.000 Z=0.000), Max=(X=1300.000 Y=1600.000 Z=100.000) RuntimeGrid:None EditorOnly:0 RuntimeOnly:0 HLODRelevant:0 ListedInSceneOutliner:1 IsMainWorldOnly:0
 |   |   |- [+] [ 21]
 |   |   |   |- Guid:77F893B3468595EE782136AD620D7EF4 BaseClass: NativeClass:/Script/Engine.VolumetricCloud Name:VolumetricCloud_0 Label:VolumetricCloud SpatiallyLoaded:0 Bounds:IsValid=true, Min=(X=0.000 Y=0.000 Z=820.000), Max=(X=0.000 Y=0.000 Z=820.000) RuntimeGrid:None EditorOnly:0 RuntimeOnly:0 HLODRelevant:0 ListedInSceneOutliner:1 IsMainWorldOnly:0 FolderPath:Lighting FolderGuid:4C9334684BA61B42C769F799D2576455
 |   |   |- [+] [ 22]
 |   |   |   |- Guid:78FDF8C54D660EC1BF8382A638C50717 BaseClass:/Game/Tiles/Blueprints/BP_MeleeBlock.BP_MeleeBlock_C NativeClass:/Script/Engine.Actor Name:BP_MeleeBlock_C_UAID_14F6D867B3B6C83702_1796127782 Label:BP_MeleeBlock5 SpatiallyLoaded:1 Bounds:IsValid=true, Min=(X=1100.000 Y=1600.000 Z=0.000), Max=(X=1300.000 Y=1800.000 Z=25.000) RuntimeGrid:None EditorOnly:0 RuntimeOnly:0 HLODRelevant:0 ListedInSceneOutliner:1 IsMainWorldOnly:0
 |   |   |- [+] [ 23]
 |   |   |   |- Guid:9F2EF91C4ED9C241EB05869E28458C05 BaseClass:/Game/Tiles/Blueprints/BP_RangedBlock.BP_RangedBlock_C NativeClass:/Script/Engine.Actor Name:BP_RangedBlock_C_UAID_14F6D867B3B6C83702_1808830793 Label:BP_RangedBlock7 SpatiallyLoaded:1 Bounds:IsValid=true, Min=(X=1300.000 Y=1400.000 Z=0.000), Max=(X=1500.000 Y=1600.000 Z=100.000) RuntimeGrid:None EditorOnly:0 RuntimeOnly:0 HLODRelevant:0 ListedInSceneOutliner:1 IsMainWorldOnly:0
 |   |   |- [+] [ 24]
 |   |   |   |- Guid:9F8923D242E9F1C7499E72A9F6E4B264 BaseClass:/Game/Tiles/Blueprints/BP_MeleeBlock.BP_MeleeBlock_C NativeClass:/Script/Engine.Actor Name:BP_MeleeBlock_C_UAID_14F6D867B3B6C83702_1792559780 Label:BP_MeleeBlock3 SpatiallyLoaded:1 Bounds:IsValid=true, Min=(X=1500.000 Y=1600.000 Z=0.000), Max=(X=1700.000 Y=1800.000 Z=25.000) RuntimeGrid:None EditorOnly:0 RuntimeOnly:0 HLODRelevant:0 ListedInSceneOutliner:1 IsMainWorldOnly:0
 |   |   |- [+] [ 25]
 |   |   |   |- Guid:A5B13CA947872E8FA13F40B390011056 BaseClass:/Game/Tiles/Blueprints/BP_RangedBlock.BP_RangedBlock_C NativeClass:/Script/Engine.Actor Name:BP_RangedBlock_C_UAID_14F6D867B3B6C83702_1823097799 Label:BP_RangedBlock13 SpatiallyLoaded:1 Bounds:IsValid=true, Min=(X=500.000 Y=2000.000 Z=0.000), Max=(X=700.000 Y=2200.000 Z=100.000) RuntimeGrid:None EditorOnly:0 RuntimeOnly:0 HLODRelevant:0 ListedInSceneOutliner:1 IsMainWorldOnly:0
 |   |   |- [+] [ 26]
 |   |   |   |- Guid:AACD68E748BB880D15E405B3EEEE8372 BaseClass:/Game/Tiles/Blueprints/BP_MeleeBlock.BP_MeleeBlock_C NativeClass:/Script/Engine.Actor Name:BP_MeleeBlock_C_UAID_14F6D867B3B6C83702_1790281779 Label:BP_MeleeBlock2 SpatiallyLoaded:1 Bounds:IsValid=true, Min=(X=1500.000 Y=1800.000 Z=0.000), Max=(X=1700.000 Y=2000.000 Z=25.000) RuntimeGrid:None EditorOnly:0 RuntimeOnly:0 HLODRelevant:0 ListedInSceneOutliner:1 IsMainWorldOnly:0
 |   |   |- [+] [ 27]
 |   |   |   |- Guid:AECEEEE741E6DE68F6843FA49564A956 BaseClass: NativeClass:/Script/Engine.DirectionalLight Name:DirectionalLight_1 Label:DirectionalLight SpatiallyLoaded:0 Bounds:IsValid=true, Min=(X=-1048576.000 Y=-1048576.000 Z=-1048576.000), Max=(X=1048576.000 Y=1048576.000 Z=1048576.000) RuntimeGrid:None EditorOnly:0 RuntimeOnly:0 HLODRelevant:0 ListedInSceneOutliner:1 IsMainWorldOnly:0 FolderPath:Lighting FolderGuid:4C9334684BA61B42C769F799D2576455
 |   |   |- [+] [ 28]
 |   |   |   |- Guid:B69D5B074056613FAFC2A29E3BA4918E BaseClass:/Game/Tiles/Blueprints/BP_MeleeBlock.BP_MeleeBlock_C NativeClass:/Script/Engine.Actor Name:BP_MeleeBlock_C_UAID_14F6D867B3B6C83702_1804695789 Label:BP_MeleeBlock12 SpatiallyLoaded:1 Bounds:IsValid=true, Min=(X=900.000 Y=2000.000 Z=0.000), Max=(X=1100.000 Y=2200.000 Z=25.000) RuntimeGrid:None EditorOnly:0 RuntimeOnly:0 HLODRelevant:0 ListedInSceneOutliner:1 IsMainWorldOnly:0
 |   |   |- [+] [ 29]
 |   |   |   |- Guid:B92B7B1749D49FBF17AAFE907A1BFBF1 BaseClass:/Game/Tiles/Blueprints/BP_RangedBlock.BP_RangedBlock_C NativeClass:/Script/Engine.Actor Name:BP_RangedBlock_C_UAID_14F6D867B3B6C83702_1823093798 Label:BP_RangedBlock12 SpatiallyLoaded:1 Bounds:IsValid=true, Min=(X=500.000 Y=1800.000 Z=0.000), Max=(X=700.000 Y=2000.000 Z=100.000) RuntimeGrid:None EditorOnly:0 RuntimeOnly:0 HLODRelevant:0 ListedInSceneOutliner:1 IsMainWorldOnly:0
 |   |   |- [+] [ 30]
 |   |   |   |- Guid:C877BDEA4BA172AE3547AE90E390ECD0 BaseClass:/Game/Tiles/Blueprints/BP_RangedBlock.BP_RangedBlock_C NativeClass:/Script/Engine.Actor Name:BP_RangedBlock_C_UAID_14F6D867B3B6C83702_1775639776 Label:BP_RangedBlock3 SpatiallyLoaded:1 Bounds:IsValid=true, Min=(X=1100.000 Y=2000.000 Z=0.000), Max=(X=1300.000 Y=2200.000 Z=100.000) RuntimeGrid:None EditorOnly:0 RuntimeOnly:0 HLODRelevant:0 ListedInSceneOutliner:1 IsMainWorldOnly:0
 |   |   |- [+] [ 31]
 |   |   |   |- Guid:CCDD89584E0A9025F52AEDA51D60CA54 BaseClass: NativeClass:/Script/NavigationSystem.NavMeshBoundsVolume Name:NavMeshBoundsVolume_1 Label:NavMeshBoundsVolume SpatiallyLoaded:0 Bounds:IsValid=true, Min=(X=-100.000 Y=-100.000 Z=-110.000), Max=(X=3100.000 Y=3600.000 Z=390.000) RuntimeGrid:None EditorOnly:0 RuntimeOnly:0 HLODRelevant:0 ListedInSceneOutliner:1 IsMainWorldOnly:0 FolderPath:Navigation FolderGuid:AE45D61F453CC144CF8289862C276E89
 |   |   |- [+] [ 32]
 |   |   |   |- Guid:CE0DEADE495A742A80363FA361122E34 BaseClass:/Game/Tiles/Blueprints/BP_MeleeBlock.BP_MeleeBlock_C NativeClass:/Script/Engine.Actor Name:BP_MeleeBlock_C_UAID_14F6D867B3B6C83702_1804691788 Label:BP_MeleeBlock11 SpatiallyLoaded:1 Bounds:IsValid=true, Min=(X=900.000 Y=2200.000 Z=0.000), Max=(X=1100.000 Y=2400.000 Z=25.000) RuntimeGrid:None EditorOnly:0 RuntimeOnly:0 HLODRelevant:0 ListedInSceneOutliner:1 IsMainWorldOnly:0
 |   |   |- [+] [ 33]
 |   |   |   |- Guid:D24D61B944EF71BE7BC469B7EB239299 BaseClass: NativeClass:/Script/Engine.ExponentialHeightFog Name:ExponentialHeightFog_1 Label:ExponentialHeightFog SpatiallyLoaded:0 Bounds:IsValid=true, Min=(X=-5600.000 Y=-50.000 Z=-6850.000), Max=(X=-5600.000 Y=-50.000 Z=-6850.000) RuntimeGrid:None EditorOnly:0 RuntimeOnly:0 HLODRelevant:0 ListedInSceneOutliner:1 IsMainWorldOnly:0 FolderPath:Lighting FolderGuid:4C9334684BA61B42C769F799D2576455
 |   |   |- [+] [ 34]
 |   |   |   |- Guid:D65C2B0942EAF002452130A3420A2CB6 BaseClass:/Game/Tiles/Blueprints/BP_RangedBlock.BP_RangedBlock_C NativeClass:/Script/Engine.Actor Name:BP_RangedBlock_C_UAID_14F6D867B3B6C83702_1814812797 Label:BP_RangedBlock11 SpatiallyLoaded:1 Bounds:IsValid=true, Min=(X=500.000 Y=1600.000 Z=0.000), Max=(X=700.000 Y=1800.000 Z=100.000) RuntimeGrid:None EditorOnly:0 RuntimeOnly:0 HLODRelevant:0 ListedInSceneOutliner:1 IsMainWorldOnly:0
 |   |   |- [+] [ 35]
 |   |   |   |- Guid:D8A6F77E4265C4FB8609E8AC9730EBC0 BaseClass:/Game/Tiles/Blueprints/BP_MeleeBlock.BP_MeleeBlock_C NativeClass:/Script/Engine.Actor Name:BP_MeleeBlock_C_UAID_14F6D867B3B6C83702_1794331781 Label:BP_MeleeBlock4 SpatiallyLoaded:1 Bounds:IsValid=true, Min=(X=1300.000 Y=1600.000 Z=0.000), Max=(X=1500.000 Y=1800.000 Z=25.000) RuntimeGrid:None EditorOnly:0 RuntimeOnly:0 HLODRelevant:0 ListedInSceneOutliner:1 IsMainWorldOnly:0
 |   |   |- [+] [ 36]
 |   |   |   |- Guid:E9F51259425B785A35C436A5559AD7B4 BaseClass: NativeClass:/Script/Engine.StaticMeshActor Name:StaticMeshActor_19 Label:SM_Cube3 SpatiallyLoaded:1 Bounds:IsValid=true, Min=(X=0.000 Y=3400.000 Z=0.000), Max=(X=3000.000 Y=3500.000 Z=400.000) RuntimeGrid:None EditorOnly:0 RuntimeOnly:0 HLODRelevant:1 ListedInSceneOutliner:1 IsMainWorldOnly:0 FolderPath:Playground FolderGuid:9FE5E8B349AF71F05F2688921F3F2AC5
 |   |   |- [+] [ 37]
 |   |   |   |- Guid:ED702DEB4F4A6D94A5DB4F9C337C2079 BaseClass: NativeClass:/Script/Engine.TextRenderActor Name:TextRenderActor_0 Label:TextRenderActor SpatiallyLoaded:1 Bounds:IsValid=true, Min=(X=-0.100 Y=1100.000 Z=65.013), Max=(X=-0.100 Y=2225.000 Z=215.013) RuntimeGrid:None EditorOnly:0 RuntimeOnly:0 HLODRelevant:0 ListedInSceneOutliner:1 IsMainWorldOnly:0
 |   |   |- [+] [ 38]
 |   |   |   |- Guid:F07559B14CE9ADE1215992AA417A945E BaseClass: NativeClass:/Script/Engine.StaticMeshActor Name:StaticMeshActor_18 Label:SM_Cube2 SpatiallyLoaded:1 Bounds:IsValid=true, Min=(X=0.000 Y=0.000 Z=0.000), Max=(X=3000.000 Y=100.000 Z=400.000) RuntimeGrid:None EditorOnly:0 RuntimeOnly:0 HLODRelevant:1 ListedInSceneOutliner:1 IsMainWorldOnly:0 FolderPath:Playground FolderGuid:9FE5E8B349AF71F05F2688921F3F2AC5
 |   |   |- [+] [ 39]
 |   |   |   |- Guid:F29E00204A9D28AEB8BD40BB1AE3AA06 BaseClass:/Game/Tiles/Blueprints/BP_MeleeBlock.BP_MeleeBlock_C NativeClass:/Script/Engine.Actor Name:BP_MeleeBlock_C_UAID_14F6D867B3B6C83702_1802279787 Label:BP_MeleeBlock10 SpatiallyLoaded:1 Bounds:IsValid=true, Min=(X=700.000 Y=1800.000 Z=0.000), Max=(X=900.000 Y=2000.000 Z=25.000) RuntimeGrid:None EditorOnly:0 RuntimeOnly:0 HLODRelevant:0 ListedInSceneOutliner:1 IsMainWorldOnly:0
 |   |   |- [+] [ 40]
 |   |   |   |- Guid:F2F7BD4940681C239A267AB579A07FFD BaseClass:/Game/Tiles/Blueprints/BP_MeleeBlock.BP_MeleeBlock_C NativeClass:/Script/Engine.Actor Name:BP_MeleeBlock_C_UAID_14F6D867B3B6C53702_1855262248 Label:BP_MeleeBlock SpatiallyLoaded:1 Bounds:IsValid=true, Min=(X=1300.000 Y=1800.000 Z=0.000), Max=(X=1500.000 Y=2000.000 Z=25.000) RuntimeGrid:None EditorOnly:0 RuntimeOnly:0 HLODRelevant:0 ListedInSceneOutliner:1 IsMainWorldOnly:0
 |   |   |- [+] [ 41]
 |   |   |   |- Guid:F33CC5014C49925B3A9D52A063AF483F BaseClass: NativeClass:/Script/Engine.PlayerStart Name:PlayerStart_0 Label:PlayerStart SpatiallyLoaded:0 Bounds:IsValid=true, Min=(X=130.000 Y=1220.000 Z=1178.000), Max=(X=210.000 Y=1300.000 Z=1362.000) RuntimeGrid:None EditorOnly:0 RuntimeOnly:0 HLODRelevant:0 ListedInSceneOutliner:1 IsMainWorldOnly:0
 |   |   |- [+] [ 42]
 |   |   |   |- Guid:FC2C3A324A8240264AA20094ADD9409E BaseClass:/Game/Tiles/Blueprints/BP_MeleeBlock.BP_MeleeBlock_C NativeClass:/Script/Engine.Actor Name:BP_MeleeBlock_C_UAID_14F6D867B3B6C83702_1804697790 Label:BP_MeleeBlock13 SpatiallyLoaded:1 Bounds:IsValid=true, Min=(X=700.000 Y=2000.000 Z=0.000), Max=(X=900.000 Y=2200.000 Z=25.000) RuntimeGrid:None EditorOnly:0 RuntimeOnly:0 HLODRelevant:0 ListedInSceneOutliner:1 IsMainWorldOnly:0
 |- ContainerInstances:
 |- [+] MainContainer:
 |   |-        ID: 00000000000000000000000000000000
 |   |-  ParentID: 00000000000000000000000000000000
 |   |-    Bounds: IsValid=false, Min=(X=0.000 Y=0.000 Z=0.000), Max=(X=0.000 Y=0.000 Z=0.000)
 |   |- Transform: 0.000000,0.000000,0.000000|0.000000,0.000000,-0.000000|1.000000,1.000000,1.000000
 |   |- Container: /Game/TopDown/Maps/TopDownMap
----------------------------------------------------------------------------------------------------------------
TopDownMap - Persistent Level
----------------------------------------------------------------------------------------------------------------
[+] Content of TopDownMap Persistent Level
 |- Always loaded Actor Count: 43 
 |- Actor Path: /Game/TopDown/Maps/TopDownMap.TopDownMap:PersistentLevel.BP_MeleeBlock_C_UAID_14F6D867B3B6C53702_1855262248
 |- Actor Package: /Game/__ExternalActors__/TopDown/Maps/TopDownMap/9/YR/FBEHMHXXPFSAPRP1I97TYZ
 |- Actor Path: /Game/TopDown/Maps/TopDownMap.TopDownMap:PersistentLevel.BP_MeleeBlock_C_UAID_14F6D867B3B6C83702_1790281779
 |- Actor Package: /Game/__ExternalActors__/TopDown/Maps/TopDownMap/C/4N/61HPQA1O1E3D237Z6B7OWV
 |- Actor Path: /Game/TopDown/Maps/TopDownMap.TopDownMap:PersistentLevel.BP_MeleeBlock_C_UAID_14F6D867B3B6C83702_1792559780
 |- Actor Package: /Game/__ExternalActors__/TopDown/Maps/TopDownMap/C/3O/4OBUDY3186N3OK0KPAGJQX
 |- Actor Path: /Game/TopDown/Maps/TopDownMap.TopDownMap:PersistentLevel.BP_MeleeBlock_C_UAID_14F6D867B3B6C83702_1794331781
 |- Actor Package: /Game/__ExternalActors__/TopDown/Maps/TopDownMap/A/YI/ECKSV81MSTNC4R0B5MZTDN
 |- Actor Path: /Game/TopDown/Maps/TopDownMap.TopDownMap:PersistentLevel.BP_MeleeBlock_C_UAID_14F6D867B3B6C83702_1796127782
 |- Actor Package: /Game/__ExternalActors__/TopDown/Maps/TopDownMap/7/NT/5SERGBO11LSBG60XPE0QUJ
 |- Actor Path: /Game/TopDown/Maps/TopDownMap.TopDownMap:PersistentLevel.BP_MeleeBlock_C_UAID_14F6D867B3B6C83702_1798328783
 |- Actor Package: /Game/__ExternalActors__/TopDown/Maps/TopDownMap/0/SH/Q4H6KDOX12XWHE6Z4RHZP0
 |- Actor Path: /Game/TopDown/Maps/TopDownMap.TopDownMap:PersistentLevel.BP_MeleeBlock_C_UAID_14F6D867B3B6C83702_1802271784
 |- Actor Package: /Game/__ExternalActors__/TopDown/Maps/TopDownMap/A/FX/XJ4BHMKRLFGVPW07V1K63S
 |- Actor Path: /Game/TopDown/Maps/TopDownMap.TopDownMap:PersistentLevel.BP_MeleeBlock_C_UAID_14F6D867B3B6C83702_1802274785
 |- Actor Package: /Game/__ExternalActors__/TopDown/Maps/TopDownMap/C/IP/J7VMGKALXZXPJVARQWMHRR
 |- Actor Path: /Game/TopDown/Maps/TopDownMap.TopDownMap:PersistentLevel.BP_MeleeBlock_C_UAID_14F6D867B3B6C83702_1802279787
 |- Actor Package: /Game/__ExternalActors__/TopDown/Maps/TopDownMap/5/0K/5E63XXBHDRCGN1VVK8YW8G
 |- Actor Path: /Game/TopDown/Maps/TopDownMap.TopDownMap:PersistentLevel.BP_MeleeBlock_C_UAID_14F6D867B3B6C83702_1804691788
 |- Actor Package: /Game/__ExternalActors__/TopDown/Maps/TopDownMap/6/Q7/M7CVJ36B70AMQNE12A7I77
 |- Actor Path: /Game/TopDown/Maps/TopDownMap.TopDownMap:PersistentLevel.BP_MeleeBlock_C_UAID_14F6D867B3B6C83702_1804695789
 |- Actor Package: /Game/__ExternalActors__/TopDown/Maps/TopDownMap/7/Y6/7D1H5L5FBU6UC3P7BYWGYB
 |- Actor Path: /Game/TopDown/Maps/TopDownMap.TopDownMap:PersistentLevel.BP_MeleeBlock_C_UAID_14F6D867B3B6C83702_1804697790
 |- Actor Package: /Game/__ExternalActors__/TopDown/Maps/TopDownMap/7/AA/G3KNNEQCTW9GTC3A65KPIC
 |- Actor Path: /Game/TopDown/Maps/TopDownMap.TopDownMap:PersistentLevel.BP_MeleeBlock_C_UAID_14F6D867B3B6C83702_1804699791
 |- Actor Package: /Game/__ExternalActors__/TopDown/Maps/TopDownMap/0/GN/3A465J1YVITHRNZA7NNYFC
 |- Actor Path: /Game/TopDown/Maps/TopDownMap.TopDownMap:PersistentLevel.BP_RangedBlock_C_UAID_14F6D867B3B6C53702_1817918247
 |- Actor Package: /Game/__ExternalActors__/TopDown/Maps/TopDownMap/6/LC/8E1RASA2BF4HVDKJPLLE83
 |- Actor Path: /Game/TopDown/Maps/TopDownMap.TopDownMap:PersistentLevel.BP_RangedBlock_C_UAID_14F6D867B3B6C83702_1761034775
 |- Actor Package: /Game/__ExternalActors__/TopDown/Maps/TopDownMap/A/X9/9MLPK7SFZYQVA7IARRF0YK
 |- Actor Path: /Game/TopDown/Maps/TopDownMap.TopDownMap:PersistentLevel.BP_RangedBlock_C_UAID_14F6D867B3B6C83702_1775639776
 |- Actor Package: /Game/__ExternalActors__/TopDown/Maps/TopDownMap/3/A4/3XQBVBSRESD62U2TIPL4JE
 |- Actor Path: /Game/TopDown/Maps/TopDownMap.TopDownMap:PersistentLevel.BP_RangedBlock_C_UAID_14F6D867B3B6C83702_1779690777
 |- Actor Package: /Game/__ExternalActors__/TopDown/Maps/TopDownMap/D/L1/9GW4T45EWOAYD4ZC22C907
 |- Actor Path: /Game/TopDown/Maps/TopDownMap.TopDownMap:PersistentLevel.BP_RangedBlock_C_UAID_14F6D867B3B6C83702_1787545778
 |- Actor Package: /Game/__ExternalActors__/TopDown/Maps/TopDownMap/8/X3/6V3YFSKB1OOZO9C3S20C4R
 |- Actor Path: /Game/TopDown/Maps/TopDownMap.TopDownMap:PersistentLevel.BP_RangedBlock_C_UAID_14F6D867B3B6C83702_1808827792
 |- Actor Package: /Game/__ExternalActors__/TopDown/Maps/TopDownMap/9/KH/CRDVZYXGOIZPBZSXJFBD6A
 |- Actor Path: /Game/TopDown/Maps/TopDownMap.TopDownMap:PersistentLevel.BP_RangedBlock_C_UAID_14F6D867B3B6C83702_1808830793
 |- Actor Package: /Game/__ExternalActors__/TopDown/Maps/TopDownMap/E/SR/OQLQD5RAY6PGG946S10EDC
 |- Actor Path: /Game/TopDown/Maps/TopDownMap.TopDownMap:PersistentLevel.BP_RangedBlock_C_UAID_14F6D867B3B6C83702_1808832794
 |- Actor Package: /Game/__ExternalActors__/TopDown/Maps/TopDownMap/6/LC/GJ09F4YB6APKYTNC4MJ9EG
 |- Actor Path: /Game/TopDown/Maps/TopDownMap.TopDownMap:PersistentLevel.BP_RangedBlock_C_UAID_14F6D867B3B6C83702_1814805795
 |- Actor Package: /Game/__ExternalActors__/TopDown/Maps/TopDownMap/5/QR/Q4MXEGYTZDZEF9QRCL1GZT
 |- Actor Path: /Game/TopDown/Maps/TopDownMap.TopDownMap:PersistentLevel.BP_RangedBlock_C_UAID_14F6D867B3B6C83702_1814810796
 |- Actor Package: /Game/__ExternalActors__/TopDown/Maps/TopDownMap/2/PW/VSNY0EGFTPAVSJIBZSRC54
 |- Actor Path: /Game/TopDown/Maps/TopDownMap.TopDownMap:PersistentLevel.BP_RangedBlock_C_UAID_14F6D867B3B6C83702_1814812797
 |- Actor Package: /Game/__ExternalActors__/TopDown/Maps/TopDownMap/4/JM/YBAV7NSWJE2YOAL7Y8RPMZ
 |- Actor Path: /Game/TopDown/Maps/TopDownMap.TopDownMap:PersistentLevel.BP_RangedBlock_C_UAID_14F6D867B3B6C83702_1823093798
 |- Actor Package: /Game/__ExternalActors__/TopDown/Maps/TopDownMap/B/2B/WCBYB6WONGNZ8ZSM77UBS8
 |- Actor Path: /Game/TopDown/Maps/TopDownMap.TopDownMap:PersistentLevel.BP_RangedBlock_C_UAID_14F6D867B3B6C83702_1823097799
 |- Actor Package: /Game/__ExternalActors__/TopDown/Maps/TopDownMap/E/7R/3MH4Z9KWZYVZTZ5RXBOXC0
 |- Actor Path: /Game/TopDown/Maps/TopDownMap.TopDownMap:PersistentLevel.BP_RangedBlock_C_UAID_14F6D867B3B6C83702_1826381800
 |- Actor Package: /Game/__ExternalActors__/TopDown/Maps/TopDownMap/1/FK/UA0IG1GHOCGFNNVQ1YEYLU
 |- Actor Path: /Game/TopDown/Maps/TopDownMap.TopDownMap:PersistentLevel.DirectionalLight_1
 |- Actor Package: /Game/__ExternalActors__/TopDown/Maps/TopDownMap/A/LM/VRK8UAZR3J2TAKS74SHCUD
 |- Actor Path: /Game/TopDown/Maps/TopDownMap.TopDownMap:PersistentLevel.ExponentialHeightFog_1
 |- Actor Package: /Game/__ExternalActors__/TopDown/Maps/TopDownMap/6/BO/BYV4KSLUROOOL33DU1XUWQ
 |- Actor Path: /Game/TopDown/Maps/TopDownMap.TopDownMap:PersistentLevel.NavMeshBoundsVolume_1
 |- Actor Package: /Game/__ExternalActors__/TopDown/Maps/TopDownMap/0/QS/8AKCSH4RXXQHHQMCR8GO6C
 |- Actor Path: /Game/TopDown/Maps/TopDownMap.TopDownMap:PersistentLevel.PlayerStart_0
 |- Actor Package: /Game/__ExternalActors__/TopDown/Maps/TopDownMap/6/OI/H4CYGWRMJ49ZI6AS2GNGQY
 |- Actor Path: /Game/TopDown/Maps/TopDownMap.TopDownMap:PersistentLevel.PostProcessVolume_1
 |- Actor Package: /Game/__ExternalActors__/TopDown/Maps/TopDownMap/6/VI/ESHAVRHFZFA2JDR9ZAQIOE
 |- Actor Path: /Game/TopDown/Maps/TopDownMap.TopDownMap:PersistentLevel.SkyAtmosphere_1
 |- Actor Package: /Game/__ExternalActors__/TopDown/Maps/TopDownMap/5/YN/TCNGOWDVRBFBJ5YZR7VI7S
 |- Actor Path: /Game/TopDown/Maps/TopDownMap.TopDownMap:PersistentLevel.SkyLight_1
 |- Actor Package: /Game/__ExternalActors__/TopDown/Maps/TopDownMap/E/LR/47NTFRDFK6M7265A1UYTOW
 |- Actor Path: /Game/TopDown/Maps/TopDownMap.TopDownMap:PersistentLevel.StaticMeshActor_17
 |- Actor Package: /Game/__ExternalActors__/TopDown/Maps/TopDownMap/3/RG/XOAZMB5QVL20UGXOCZ1LZK
 |- Actor Path: /Game/TopDown/Maps/TopDownMap.TopDownMap:PersistentLevel.StaticMeshActor_18
 |- Actor Package: /Game/__ExternalActors__/TopDown/Maps/TopDownMap/0/WM/EHOX3YPZ8BWS13D7E6IFN2
 |- Actor Path: /Game/TopDown/Maps/TopDownMap.TopDownMap:PersistentLevel.StaticMeshActor_19
 |- Actor Package: /Game/__ExternalActors__/TopDown/Maps/TopDownMap/B/72/PR1QS01SW5BWFPFZ9C79RF
 |- Actor Path: /Game/TopDown/Maps/TopDownMap.TopDownMap:PersistentLevel.StaticMeshActor_22
 |- Actor Package: /Game/__ExternalActors__/TopDown/Maps/TopDownMap/7/43/KCOU8O5LTCF16FPA9RNLK8
 |- Actor Path: /Game/TopDown/Maps/TopDownMap.TopDownMap:PersistentLevel.StaticMeshActor_23
 |- Actor Package: /Game/__ExternalActors__/TopDown/Maps/TopDownMap/0/MB/J5WHCOZ4GU1YICRISB3DL6
 |- Actor Path: /Game/TopDown/Maps/TopDownMap.TopDownMap:PersistentLevel.StaticMeshActor_UAID_A4AE111137DC5CFB00_1660657071
 |- Actor Package: /Game/__ExternalActors__/TopDown/Maps/TopDownMap/C/MV/UE2U7GTDT7WM2AVP83861S
 |- Actor Path: /Game/TopDown/Maps/TopDownMap.TopDownMap:PersistentLevel.TextRenderActor_0
 |- Actor Package: /Game/__ExternalActors__/TopDown/Maps/TopDownMap/9/FY/45JOQ38QR4K2P62IGCH99F
 |- Actor Path: /Game/TopDown/Maps/TopDownMap.TopDownMap:PersistentLevel.VolumetricCloud_0
 |- Actor Package: /Game/__ExternalActors__/TopDown/Maps/TopDownMap/6/GY/HOVAYB977GD5L9YGZ5S1T6
 |- Actor Path: /Game/TopDown/Maps/TopDownMap.TopDownMap:PersistentLevel.WorldDataLayers
 |- Actor Package: /Game/__ExternalActors__/TopDown/Maps/TopDownMap/A/RN/FHX05LPSBNMAJG3SW97PS7

----------------------------------------------------------------------------------------------------------------
TopDownMap - Runtime Hash Set
----------------------------------------------------------------------------------------------------------------

